{
  "RSpec": {
    "coverage": {
      "/Users/Apollo/Code/epicodus/code-reviews/blog-code-review/spec/features/add_post_pages_spec.rb": [
        1,
        null,
        1,
        1,
        1,
        1,
        1,
        1,
        1,
        1,
        1,
        1,
        null,
        null
      ],
      "/Users/Apollo/Code/epicodus/code-reviews/blog-code-review/spec/rails_helper.rb": [
        null,
        1,
        1,
        null,
        1,
        1,
        1,
        1,
        null,
        null,
        null,
        null,
        null,
        null,
        null,
        null,
        null,
        null,
        null,
        null,
        null,
        null,
        null,
        null,
        null,
        null,
        null,
        1,
        null,
        1,
        null,
        1,
        null,
        null,
        null,
        null,
        1,
        null,
        null,
        null,
        null,
        null,
        null,
        null,
        null,
        null,
        null,
        null,
        null,
        null,
        null,
        1,
        null,
        null,
        1,
        1,
        1,
        1,
        null,
        null
      ],
      "/Users/Apollo/Code/epicodus/code-reviews/blog-code-review/config/environment.rb": [
        null,
        1,
        null,
        null,
        1
      ],
      "/Users/Apollo/Code/epicodus/code-reviews/blog-code-review/config/application.rb": [
        1,
        null,
        1,
        null,
        1,
        1,
        1,
        1,
        1,
        1,
        1,
        null,
        null,
        null,
        null,
        1,
        null,
        1,
        1,
        null,
        null,
        null,
        null,
        null,
        null,
        null,
        null,
        null,
        null,
        null,
        null,
        null,
        1,
        null,
        null
      ],
      "/Users/Apollo/Code/epicodus/code-reviews/blog-code-review/config/boot.rb": [
        1,
        null,
        1
      ],
      "/Users/Apollo/Code/epicodus/code-reviews/blog-code-review/config/environments/test.rb": [
        1,
        null,
        null,
        null,
        null,
        null,
        null,
        1,
        null,
        null,
        null,
        null,
        1,
        null,
        null,
        1,
        1,
        null,
        null,
        1,
        1,
        null,
        null,
        1,
        null,
        null,
        1,
        null,
        null,
        null,
        null,
        1,
        null,
        null,
        1,
        null,
        null,
        1,
        null,
        null,
        null,
        null
      ],
      "/Users/Apollo/Code/epicodus/code-reviews/blog-code-review/config/initializers/assets.rb": [
        null,
        null,
        null,
        1,
        null,
        null,
        null,
        null,
        null,
        null,
        null
      ],
      "/Users/Apollo/Code/epicodus/code-reviews/blog-code-review/config/initializers/backtrace_silencers.rb": [
        null,
        null,
        null,
        null,
        null,
        null,
        null
      ],
      "/Users/Apollo/Code/epicodus/code-reviews/blog-code-review/config/initializers/cookies_serializer.rb": [
        null,
        null,
        1
      ],
      "/Users/Apollo/Code/epicodus/code-reviews/blog-code-review/config/initializers/devise.rb": [
        null,
        null,
        1,
        null,
        null,
        null,
        null,
        null,
        null,
        null,
        null,
        null,
        null,
        null,
        1,
        null,
        null,
        null,
        null,
        null,
        null,
        null,
        null,
        1,
        null,
        null,
        null,
        null,
        null,
        null,
        null,
        null,
        null,
        1,
        null,
        null,
        null,
        null,
        null,
        null,
        null,
        null,
        null,
        null,
        null,
        1,
        null,
        null,
        null,
        null,
        1,
        null,
        null,
        null,
        null,
        null,
        null,
        null,
        null,
        null,
        null,
        null,
        null,
        null,
        null,
        null,
        null,
        null,
        null,
        null,
        null,
        null,
        null,
        null,
        null,
        null,
        null,
        null,
        null,
        null,
        null,
        1,
        null,
        null,
        null,
        null,
        null,
        null,
        null,
        null,
        null,
        null,
        null,
        null,
        null,
        null,
        null,
        null,
        1,
        null,
        null,
        null,
        null,
        null,
        null,
        null,
        null,
        null,
        null,
        null,
        null,
        null,
        null,
        null,
        null,
        null,
        null,
        null,
        null,
        null,
        null,
        null,
        null,
        1,
        null,
        null,
        null,
        null,
        null,
        null,
        null,
        null,
        null,
        1,
        null,
        null,
        null,
        null,
        null,
        null,
        null,
        null,
        null,
        null,
        1,
        null,
        null,
        null,
        null,
        null,
        null,
        null,
        null,
        null,
        null,
        null,
        null,
        null,
        null,
        null,
        null,
        null,
        null,
        null,
        null,
        null,
        null,
        null,
        null,
        null,
        null,
        null,
        null,
        null,
        null,
        null,
        null,
        null,
        null,
        null,
        null,
        null,
        null,
        null,
        null,
        null,
        null,
        null,
        null,
        null,
        1,
        null,
        null,
        null,
        null,
        null,
        null,
        null,
        null,
        null,
        null,
        null,
        null,
        null,
        null,
        null,
        null,
        null,
        null,
        null,
        null,
        null,
        null,
        null,
        null,
        null,
        null,
        null,
        null,
        null,
        null,
        null,
        null,
        null,
        null,
        null,
        null,
        null,
        null,
        null,
        null,
        null,
        1,
        null,
        null,
        null,
        null,
        null,
        null,
        null,
        null,
        null,
        null,
        null,
        null,
        null,
        null,
        null,
        null,
        null,
        null,
        null,
        null,
        null,
        null,
        null,
        null,
        null,
        null,
        null,
        null,
        null
      ],
      "/Users/Apollo/Code/epicodus/code-reviews/blog-code-review/config/initializers/filter_parameter_logging.rb": [
        null,
        null,
        null,
        1
      ],
      "/Users/Apollo/Code/epicodus/code-reviews/blog-code-review/config/initializers/inflections.rb": [
        null,
        null,
        null,
        null,
        null,
        null,
        null,
        null,
        null,
        null,
        null,
        null,
        null,
        null,
        null,
        null
      ],
      "/Users/Apollo/Code/epicodus/code-reviews/blog-code-review/config/initializers/mime_types.rb": [
        null,
        null,
        null,
        null
      ],
      "/Users/Apollo/Code/epicodus/code-reviews/blog-code-review/config/initializers/session_store.rb": [
        null,
        null,
        1
      ],
      "/Users/Apollo/Code/epicodus/code-reviews/blog-code-review/config/initializers/wrap_parameters.rb": [
        null,
        null,
        null,
        null,
        null,
        null,
        1,
        1,
        null,
        null,
        null,
        null,
        null,
        null
      ],
      "/Users/Apollo/Code/epicodus/code-reviews/blog-code-review/config/routes.rb": [
        1,
        1,
        1,
        null,
        1,
        1,
        null,
        null,
        null
      ],
      "/Users/Apollo/Code/epicodus/code-reviews/blog-code-review/app/models/user.rb": [
        1,
        null,
        null,
        1,
        null,
        null,
        null,
        null,
        1,
        null
      ],
      "/Users/Apollo/Code/epicodus/code-reviews/blog-code-review/app/controllers/application_controller.rb": [
        1,
        null,
        null,
        1,
        null
      ],
      "/Users/Apollo/Code/epicodus/code-reviews/blog-code-review/app/helpers/application_helper.rb": [
        1,
        null
      ],
      "/Users/Apollo/Code/epicodus/code-reviews/blog-code-review/app/controllers/posts_controller.rb": [
        1,
        null,
        null,
        null,
        1,
        2,
        2,
        null,
        null,
        1,
        0,
        0,
        0,
        null,
        null,
        1,
        1,
        1,
        null,
        null,
        1,
        1,
        1,
        1,
        1,
        null,
        0,
        0,
        null,
        null,
        null,
        1,
        0,
        0,
        null,
        null,
        1,
        0,
        0,
        0,
        null,
        null,
        0,
        null,
        null,
        null,
        1,
        0,
        0,
        0,
        null,
        null,
        null,
        1,
        1,
        1,
        null,
        null
      ],
      "/Users/Apollo/Code/epicodus/code-reviews/blog-code-review/app/controllers/tags_controller.rb": [
        1,
        1,
        0,
        0,
        null,
        null,
        1,
        0,
        0,
        0,
        0,
        0,
        null,
        0,
        0,
        null,
        null,
        null,
        1,
        1,
        0,
        null,
        null,
        null
      ],
      "/Users/Apollo/Code/epicodus/code-reviews/blog-code-review/app/models/post.rb": [
        1,
        1,
        null,
        1,
        null
      ],
      "/Users/Apollo/Code/epicodus/code-reviews/blog-code-review/app/models/tag.rb": [
        1,
        1,
        null,
        1,
        null
      ],
      "/Users/Apollo/Code/epicodus/code-reviews/blog-code-review/spec/models/post_spec.rb": [
        1,
        null,
        1,
        2,
        2,
        2,
        2,
        2,
        null
      ],
      "/Users/Apollo/Code/epicodus/code-reviews/blog-code-review/spec/models/tag_spec.rb": [
        1,
        null,
        1,
        2,
        2,
        null
      ],
      "/Users/Apollo/Code/epicodus/code-reviews/blog-code-review/spec/models/user_spec.rb": [
        1,
        null,
        1,
        1,
        null
      ]
    },
    "timestamp": 1445647308
  }
}
